[0;34m[2026-03-20 20:23:51][0m Installation started
[0;34m[2026-03-20 20:23:51][0m Checking Python version...
[0;32m✓ Python 3.14.3[0m
[0;34m[2026-03-20 20:23:51][0m Checking disk space...
[0;32m✓ Disk space OK (51GB available)[0m
[0;34m[2026-03-20 20:23:51][0m Checking git...
[0;32m✓ git 2.50.1[0m
[0;34m[2026-03-20 20:23:51][0m Creating virtual environment at /Users/rreilly/.momo-kibidango/venv...
[0;32m✓ Virtual environment created[0m
[0;32m✓ Virtual environment activated[0m
[0;34m[2026-03-20 20:23:53][0m Installing Python dependencies...
[0;32m✓ All dependencies installed[0m
[0;34m[2026-03-20 20:24:12][0m Creating directories...
[0;32m✓ Directories created:[0m
[0;34m[2026-03-20 20:24:12][0m Creating configuration file...
[0;32m✓ Configuration created at /Users/rreilly/.momo-kibidango/config/config.yaml[0m
[0;34m[2026-03-20 20:24:12][0m Running validation tests...
[0;32m✓ All validation tests passed[0m
[0;34m[2026-03-20 20:24:16][0m Installation completed successfully
[0;34m[2026-03-20 20:25:37][0m Installation started
[0;34m[2026-03-20 20:25:37][0m Checking Python version...
[0;32m✓ Python 3.14.3[0m
[0;34m[2026-03-20 20:25:37][0m Checking disk space...
[0;32m✓ Disk space OK (49GB available)[0m
[0;34m[2026-03-20 20:25:37][0m Checking git...
[0;32m✓ git 2.50.1[0m
[0;34m[2026-03-20 20:25:37][0m Creating virtual environment at /Users/rreilly/.momo-kibidango/venv...
[1;33m⚠ Virtual environment already exists[0m
[0;32m✓ Virtual environment activated[0m
[0;34m[2026-03-20 20:25:37][0m Installing Python dependencies...
[0;32m✓ All dependencies installed[0m
[0;34m[2026-03-20 20:25:38][0m Creating directories...
[0;32m✓ Directories created:[0m
[0;34m[2026-03-20 20:25:38][0m Creating configuration file...
[0;32m✓ Configuration created at /Users/rreilly/.momo-kibidango/config/config.yaml[0m
[0;34m[2026-03-20 20:25:38][0m Running validation tests...
[0;32m✓ All validation tests passed[0m
[0;34m[2026-03-20 20:25:59][0m Installation started
[0;34m[2026-03-20 20:25:59][0m Checking Python version...
[0;32m✓ Python 3.14.3[0m
[0;34m[2026-03-20 20:25:59][0m Checking disk space...
[0;32m✓ Disk space OK (49GB available)[0m
[0;34m[2026-03-20 20:25:59][0m Checking git...
[0;32m✓ git 2.50.1[0m
[0;34m[2026-03-20 20:25:59][0m Creating virtual environment at /Users/rreilly/.momo-kibidango/venv...
[0;32m✓ Virtual environment created[0m
[0;32m✓ Virtual environment activated[0m
[0;34m[2026-03-20 20:26:00][0m Installing Python dependencies...
[0;32m✓ All dependencies installed[0m
[0;34m[2026-03-20 20:26:18][0m Creating directories...
[0;32m✓ Directories created:[0m
[0;34m[2026-03-20 20:26:18][0m Creating configuration file...
[0;32m✓ Configuration created at /Users/rreilly/.momo-kibidango/config/config.yaml[0m
[0;34m[2026-03-20 20:26:18][0m Running validation tests...
[0;32m✓ All validation tests passed[0m
[0;34m[2026-03-20 20:26:22][0m Installation completed successfully
[0;34m[2026-03-20 20:27:53][0m Installation started
[0;34m[2026-03-20 20:27:53][0m Checking Python version...
[0;32m✓ Python 3.14.3[0m
[0;34m[2026-03-20 20:27:53][0m Checking disk space...
[0;32m✓ Disk space OK (49GB available)[0m
[0;34m[2026-03-20 20:27:53][0m Checking git...
[0;32m✓ git 2.50.1[0m
[0;34m[2026-03-20 20:27:53][0m Creating virtual environment at /Users/rreilly/.momo-kibidango/venv...
[0;32m✓ Virtual environment created[0m
[0;32m✓ Virtual environment activated[0m
[0;34m[2026-03-20 20:27:55][0m Installing Python dependencies...
[0;32m✓ All dependencies installed[0m
[0;34m[2026-03-20 20:28:12][0m Creating directories...
[0;32m✓ Directories created:[0m
[0;34m[2026-03-20 20:28:12][0m Creating configuration file...
[0;32m✓ Configuration created at /Users/rreilly/.momo-kibidango/config/config.yaml[0m
[0;34m[2026-03-20 20:28:12][0m Running validation tests...
[0;32m✓ All validation tests passed[0m
[0;34m[2026-03-20 20:28:17][0m Installation completed successfully
